2025-09-28 19:25:36,590 - INFO - __main__ - main:32 - Runtime Options:
  Config Path: config/favorites.json
  Simulation Mode: True
  Run Once: True
  Demo Mode: True
  Demo Leagues: All
  Demo Rotation: 120s
2025-09-28 19:25:36,782 - INFO - httpx - _send_single_request:1038 - HTTP Request: GET https://jylgkmjalhmvxxenkowo.supabase.co/rest/v1/sports?select=%2A "HTTP/2 200 OK"
2025-09-28 19:25:36,861 - INFO - httpx - _send_single_request:1038 - HTTP Request: GET https://jylgkmjalhmvxxenkowo.supabase.co/rest/v1/leagues?select=%2A%2C%20sport%3Asports%28code%29 "HTTP/2 200 OK"
2025-09-28 19:25:36,906 - INFO - __main__ - main:53 - Loaded sports and leagues from Supabase
2025-09-28 19:25:36,906 - INFO - __main__ - main:59 - Initialized configuration for device e9004446-dbb9-44dc-be01-410048f26cd3
2025-09-28 19:25:36,906 - INFO - src.core.orchestrator - __init__:68 - ApplicationOrchestrator initialized
2025-09-28 19:25:36,906 - INFO - src.core.orchestrator - setup:88 - Setting up application components
2025-09-28 19:25:36,906 - INFO - src.core.providers - load_configuration:36 - Loading configuration from Supabase
2025-09-28 19:25:37,005 - INFO - httpx - _send_single_request:1038 - HTTP Request: POST https://jylgkmjalhmvxxenkowo.supabase.co/rest/v1/rpc/get_device_configuration "HTTP/2 200 OK"
2025-09-28 19:25:37,007 - INFO - src.core.providers - load_configuration:38 - Loaded configuration for device e9004446-dbb9-44dc-be01-410048f26cd3
2025-09-28 19:25:37,007 - INFO - src.core.orchestrator - setup:92 - Loaded configuration for device e9004446-dbb9-44dc-be01-410048f26cd3
2025-09-28 19:25:37,008 - INFO - src.core.orchestrator - setup:96 - Display manager initialized (simulation=True)
2025-09-28 19:25:37,010 - INFO - src.core.orchestrator - setup:100 - Board manager initialized with 4 boards
2025-09-28 19:25:37,010 - INFO - src.core.orchestrator - _setup_demo_provider:123 - Demo mode enabled with leagues: All
2025-09-28 19:25:37,010 - INFO - src.core.orchestrator - setup:110 - Refresh manager initialized
2025-09-28 19:25:37,010 - INFO - src.core.orchestrator - run:149 - Starting main application loop
2025-09-28 19:25:37,010 - ERROR - src.core.orchestrator - _main_loop:195 - Error in main loop: 'DemoSimulator' object has no attribute 'get_current_game'
Traceback (most recent call last):
  File "/Users/stevebargelt/code/wnba-led-scoreboard/src/core/orchestrator.py", line 172, in _main_loop
    snapshot = self._get_game_snapshot(now_local)
  File "/Users/stevebargelt/code/wnba-led-scoreboard/src/core/orchestrator.py", line 211, in _get_game_snapshot
    return self.game_provider.get_current_game(now_local)
           ^^^^^^^^^^^^^^^^^^^^^^^^^^^^^^^^^^^
AttributeError: 'DemoSimulator' object has no attribute 'get_current_game'
2025-09-28 19:25:42,016 - ERROR - src.core.orchestrator - _main_loop:195 - Error in main loop: 'DemoSimulator' object has no attribute 'get_current_game'
Traceback (most recent call last):
  File "/Users/stevebargelt/code/wnba-led-scoreboard/src/core/orchestrator.py", line 172, in _main_loop
    snapshot = self._get_game_snapshot(now_local)
  File "/Users/stevebargelt/code/wnba-led-scoreboard/src/core/orchestrator.py", line 211, in _get_game_snapshot
    return self.game_provider.get_current_game(now_local)
           ^^^^^^^^^^^^^^^^^^^^^^^^^^^^^^^^^^^
AttributeError: 'DemoSimulator' object has no attribute 'get_current_game'
2025-09-28 19:25:47,021 - ERROR - src.core.orchestrator - _main_loop:195 - Error in main loop: 'DemoSimulator' object has no attribute 'get_current_game'
Traceback (most recent call last):
  File "/Users/stevebargelt/code/wnba-led-scoreboard/src/core/orchestrator.py", line 172, in _main_loop
    snapshot = self._get_game_snapshot(now_local)
  File "/Users/stevebargelt/code/wnba-led-scoreboard/src/core/orchestrator.py", line 211, in _get_game_snapshot
    return self.game_provider.get_current_game(now_local)
           ^^^^^^^^^^^^^^^^^^^^^^^^^^^^^^^^^^^
AttributeError: 'DemoSimulator' object has no attribute 'get_current_game'
2025-09-28 19:25:52,022 - ERROR - src.core.orchestrator - _main_loop:195 - Error in main loop: 'DemoSimulator' object has no attribute 'get_current_game'
Traceback (most recent call last):
  File "/Users/stevebargelt/code/wnba-led-scoreboard/src/core/orchestrator.py", line 172, in _main_loop
    snapshot = self._get_game_snapshot(now_local)
  File "/Users/stevebargelt/code/wnba-led-scoreboard/src/core/orchestrator.py", line 211, in _get_game_snapshot
    return self.game_provider.get_current_game(now_local)
           ^^^^^^^^^^^^^^^^^^^^^^^^^^^^^^^^^^^
AttributeError: 'DemoSimulator' object has no attribute 'get_current_game'
2025-09-28 19:25:57,028 - ERROR - src.core.orchestrator - _main_loop:195 - Error in main loop: 'DemoSimulator' object has no attribute 'get_current_game'
Traceback (most recent call last):
  File "/Users/stevebargelt/code/wnba-led-scoreboard/src/core/orchestrator.py", line 172, in _main_loop
    snapshot = self._get_game_snapshot(now_local)
  File "/Users/stevebargelt/code/wnba-led-scoreboard/src/core/orchestrator.py", line 211, in _get_game_snapshot
    return self.game_provider.get_current_game(now_local)
           ^^^^^^^^^^^^^^^^^^^^^^^^^^^^^^^^^^^
AttributeError: 'DemoSimulator' object has no attribute 'get_current_game'
2025-09-28 19:26:02,034 - ERROR - src.core.orchestrator - _main_loop:195 - Error in main loop: 'DemoSimulator' object has no attribute 'get_current_game'
Traceback (most recent call last):
  File "/Users/stevebargelt/code/wnba-led-scoreboard/src/core/orchestrator.py", line 172, in _main_loop
    snapshot = self._get_game_snapshot(now_local)
  File "/Users/stevebargelt/code/wnba-led-scoreboard/src/core/orchestrator.py", line 211, in _get_game_snapshot
    return self.game_provider.get_current_game(now_local)
           ^^^^^^^^^^^^^^^^^^^^^^^^^^^^^^^^^^^
AttributeError: 'DemoSimulator' object has no attribute 'get_current_game'
2025-09-28 19:26:07,040 - ERROR - src.core.orchestrator - _main_loop:195 - Error in main loop: 'DemoSimulator' object has no attribute 'get_current_game'
Traceback (most recent call last):
  File "/Users/stevebargelt/code/wnba-led-scoreboard/src/core/orchestrator.py", line 172, in _main_loop
    snapshot = self._get_game_snapshot(now_local)
  File "/Users/stevebargelt/code/wnba-led-scoreboard/src/core/orchestrator.py", line 211, in _get_game_snapshot
    return self.game_provider.get_current_game(now_local)
           ^^^^^^^^^^^^^^^^^^^^^^^^^^^^^^^^^^^
AttributeError: 'DemoSimulator' object has no attribute 'get_current_game'
2025-09-28 19:26:12,047 - ERROR - src.core.orchestrator - _main_loop:195 - Error in main loop: 'DemoSimulator' object has no attribute 'get_current_game'
Traceback (most recent call last):
  File "/Users/stevebargelt/code/wnba-led-scoreboard/src/core/orchestrator.py", line 172, in _main_loop
    snapshot = self._get_game_snapshot(now_local)
  File "/Users/stevebargelt/code/wnba-led-scoreboard/src/core/orchestrator.py", line 211, in _get_game_snapshot
    return self.game_provider.get_current_game(now_local)
           ^^^^^^^^^^^^^^^^^^^^^^^^^^^^^^^^^^^
AttributeError: 'DemoSimulator' object has no attribute 'get_current_game'
2025-09-28 19:26:17,051 - ERROR - src.core.orchestrator - _main_loop:195 - Error in main loop: 'DemoSimulator' object has no attribute 'get_current_game'
Traceback (most recent call last):
  File "/Users/stevebargelt/code/wnba-led-scoreboard/src/core/orchestrator.py", line 172, in _main_loop
    snapshot = self._get_game_snapshot(now_local)
  File "/Users/stevebargelt/code/wnba-led-scoreboard/src/core/orchestrator.py", line 211, in _get_game_snapshot
    return self.game_provider.get_current_game(now_local)
           ^^^^^^^^^^^^^^^^^^^^^^^^^^^^^^^^^^^
AttributeError: 'DemoSimulator' object has no attribute 'get_current_game'
2025-09-28 19:26:22,057 - ERROR - src.core.orchestrator - _main_loop:195 - Error in main loop: 'DemoSimulator' object has no attribute 'get_current_game'
Traceback (most recent call last):
  File "/Users/stevebargelt/code/wnba-led-scoreboard/src/core/orchestrator.py", line 172, in _main_loop
    snapshot = self._get_game_snapshot(now_local)
  File "/Users/stevebargelt/code/wnba-led-scoreboard/src/core/orchestrator.py", line 211, in _get_game_snapshot
    return self.game_provider.get_current_game(now_local)
           ^^^^^^^^^^^^^^^^^^^^^^^^^^^^^^^^^^^
AttributeError: 'DemoSimulator' object has no attribute 'get_current_game'
2025-09-28 19:26:27,062 - ERROR - src.core.orchestrator - _main_loop:195 - Error in main loop: 'DemoSimulator' object has no attribute 'get_current_game'
Traceback (most recent call last):
  File "/Users/stevebargelt/code/wnba-led-scoreboard/src/core/orchestrator.py", line 172, in _main_loop
    snapshot = self._get_game_snapshot(now_local)
  File "/Users/stevebargelt/code/wnba-led-scoreboard/src/core/orchestrator.py", line 211, in _get_game_snapshot
    return self.game_provider.get_current_game(now_local)
           ^^^^^^^^^^^^^^^^^^^^^^^^^^^^^^^^^^^
AttributeError: 'DemoSimulator' object has no attribute 'get_current_game'
2025-09-28 19:26:32,066 - ERROR - src.core.orchestrator - _main_loop:195 - Error in main loop: 'DemoSimulator' object has no attribute 'get_current_game'
Traceback (most recent call last):
  File "/Users/stevebargelt/code/wnba-led-scoreboard/src/core/orchestrator.py", line 172, in _main_loop
    snapshot = self._get_game_snapshot(now_local)
  File "/Users/stevebargelt/code/wnba-led-scoreboard/src/core/orchestrator.py", line 211, in _get_game_snapshot
    return self.game_provider.get_current_game(now_local)
           ^^^^^^^^^^^^^^^^^^^^^^^^^^^^^^^^^^^
AttributeError: 'DemoSimulator' object has no attribute 'get_current_game'
2025-09-28 19:26:37,071 - ERROR - src.core.orchestrator - _main_loop:195 - Error in main loop: 'DemoSimulator' object has no attribute 'get_current_game'
Traceback (most recent call last):
  File "/Users/stevebargelt/code/wnba-led-scoreboard/src/core/orchestrator.py", line 172, in _main_loop
    snapshot = self._get_game_snapshot(now_local)
  File "/Users/stevebargelt/code/wnba-led-scoreboard/src/core/orchestrator.py", line 211, in _get_game_snapshot
    return self.game_provider.get_current_game(now_local)
           ^^^^^^^^^^^^^^^^^^^^^^^^^^^^^^^^^^^
AttributeError: 'DemoSimulator' object has no attribute 'get_current_game'
2025-09-28 19:26:42,074 - ERROR - src.core.orchestrator - _main_loop:195 - Error in main loop: 'DemoSimulator' object has no attribute 'get_current_game'
Traceback (most recent call last):
  File "/Users/stevebargelt/code/wnba-led-scoreboard/src/core/orchestrator.py", line 172, in _main_loop
    snapshot = self._get_game_snapshot(now_local)
  File "/Users/stevebargelt/code/wnba-led-scoreboard/src/core/orchestrator.py", line 211, in _get_game_snapshot
    return self.game_provider.get_current_game(now_local)
           ^^^^^^^^^^^^^^^^^^^^^^^^^^^^^^^^^^^
AttributeError: 'DemoSimulator' object has no attribute 'get_current_game'
2025-09-28 19:26:47,079 - ERROR - src.core.orchestrator - _main_loop:195 - Error in main loop: 'DemoSimulator' object has no attribute 'get_current_game'
Traceback (most recent call last):
  File "/Users/stevebargelt/code/wnba-led-scoreboard/src/core/orchestrator.py", line 172, in _main_loop
    snapshot = self._get_game_snapshot(now_local)
  File "/Users/stevebargelt/code/wnba-led-scoreboard/src/core/orchestrator.py", line 211, in _get_game_snapshot
    return self.game_provider.get_current_game(now_local)
           ^^^^^^^^^^^^^^^^^^^^^^^^^^^^^^^^^^^
AttributeError: 'DemoSimulator' object has no attribute 'get_current_game'
2025-09-28 19:26:52,084 - ERROR - src.core.orchestrator - _main_loop:195 - Error in main loop: 'DemoSimulator' object has no attribute 'get_current_game'
Traceback (most recent call last):
  File "/Users/stevebargelt/code/wnba-led-scoreboard/src/core/orchestrator.py", line 172, in _main_loop
    snapshot = self._get_game_snapshot(now_local)
  File "/Users/stevebargelt/code/wnba-led-scoreboard/src/core/orchestrator.py", line 211, in _get_game_snapshot
    return self.game_provider.get_current_game(now_local)
           ^^^^^^^^^^^^^^^^^^^^^^^^^^^^^^^^^^^
AttributeError: 'DemoSimulator' object has no attribute 'get_current_game'
2025-09-28 19:26:57,089 - ERROR - src.core.orchestrator - _main_loop:195 - Error in main loop: 'DemoSimulator' object has no attribute 'get_current_game'
Traceback (most recent call last):
  File "/Users/stevebargelt/code/wnba-led-scoreboard/src/core/orchestrator.py", line 172, in _main_loop
    snapshot = self._get_game_snapshot(now_local)
  File "/Users/stevebargelt/code/wnba-led-scoreboard/src/core/orchestrator.py", line 211, in _get_game_snapshot
    return self.game_provider.get_current_game(now_local)
           ^^^^^^^^^^^^^^^^^^^^^^^^^^^^^^^^^^^
AttributeError: 'DemoSimulator' object has no attribute 'get_current_game'
2025-09-28 19:27:02,095 - ERROR - src.core.orchestrator - _main_loop:195 - Error in main loop: 'DemoSimulator' object has no attribute 'get_current_game'
Traceback (most recent call last):
  File "/Users/stevebargelt/code/wnba-led-scoreboard/src/core/orchestrator.py", line 172, in _main_loop
    snapshot = self._get_game_snapshot(now_local)
  File "/Users/stevebargelt/code/wnba-led-scoreboard/src/core/orchestrator.py", line 211, in _get_game_snapshot
    return self.game_provider.get_current_game(now_local)
           ^^^^^^^^^^^^^^^^^^^^^^^^^^^^^^^^^^^
AttributeError: 'DemoSimulator' object has no attribute 'get_current_game'
2025-09-28 19:27:07,101 - ERROR - src.core.orchestrator - _main_loop:195 - Error in main loop: 'DemoSimulator' object has no attribute 'get_current_game'
Traceback (most recent call last):
  File "/Users/stevebargelt/code/wnba-led-scoreboard/src/core/orchestrator.py", line 172, in _main_loop
    snapshot = self._get_game_snapshot(now_local)
  File "/Users/stevebargelt/code/wnba-led-scoreboard/src/core/orchestrator.py", line 211, in _get_game_snapshot
    return self.game_provider.get_current_game(now_local)
           ^^^^^^^^^^^^^^^^^^^^^^^^^^^^^^^^^^^
AttributeError: 'DemoSimulator' object has no attribute 'get_current_game'
2025-09-28 19:27:12,102 - ERROR - src.core.orchestrator - _main_loop:195 - Error in main loop: 'DemoSimulator' object has no attribute 'get_current_game'
Traceback (most recent call last):
  File "/Users/stevebargelt/code/wnba-led-scoreboard/src/core/orchestrator.py", line 172, in _main_loop
    snapshot = self._get_game_snapshot(now_local)
  File "/Users/stevebargelt/code/wnba-led-scoreboard/src/core/orchestrator.py", line 211, in _get_game_snapshot
    return self.game_provider.get_current_game(now_local)
           ^^^^^^^^^^^^^^^^^^^^^^^^^^^^^^^^^^^
AttributeError: 'DemoSimulator' object has no attribute 'get_current_game'
2025-09-28 19:27:17,110 - ERROR - src.core.orchestrator - _main_loop:195 - Error in main loop: 'DemoSimulator' object has no attribute 'get_current_game'
Traceback (most recent call last):
  File "/Users/stevebargelt/code/wnba-led-scoreboard/src/core/orchestrator.py", line 172, in _main_loop
    snapshot = self._get_game_snapshot(now_local)
  File "/Users/stevebargelt/code/wnba-led-scoreboard/src/core/orchestrator.py", line 211, in _get_game_snapshot
    return self.game_provider.get_current_game(now_local)
           ^^^^^^^^^^^^^^^^^^^^^^^^^^^^^^^^^^^
AttributeError: 'DemoSimulator' object has no attribute 'get_current_game'
2025-09-28 19:27:22,113 - ERROR - src.core.orchestrator - _main_loop:195 - Error in main loop: 'DemoSimulator' object has no attribute 'get_current_game'
Traceback (most recent call last):
  File "/Users/stevebargelt/code/wnba-led-scoreboard/src/core/orchestrator.py", line 172, in _main_loop
    snapshot = self._get_game_snapshot(now_local)
  File "/Users/stevebargelt/code/wnba-led-scoreboard/src/core/orchestrator.py", line 211, in _get_game_snapshot
    return self.game_provider.get_current_game(now_local)
           ^^^^^^^^^^^^^^^^^^^^^^^^^^^^^^^^^^^
AttributeError: 'DemoSimulator' object has no attribute 'get_current_game'
2025-09-28 19:27:27,118 - ERROR - src.core.orchestrator - _main_loop:195 - Error in main loop: 'DemoSimulator' object has no attribute 'get_current_game'
Traceback (most recent call last):
  File "/Users/stevebargelt/code/wnba-led-scoreboard/src/core/orchestrator.py", line 172, in _main_loop
    snapshot = self._get_game_snapshot(now_local)
  File "/Users/stevebargelt/code/wnba-led-scoreboard/src/core/orchestrator.py", line 211, in _get_game_snapshot
    return self.game_provider.get_current_game(now_local)
           ^^^^^^^^^^^^^^^^^^^^^^^^^^^^^^^^^^^
AttributeError: 'DemoSimulator' object has no attribute 'get_current_game'
2025-09-28 19:27:32,121 - ERROR - src.core.orchestrator - _main_loop:195 - Error in main loop: 'DemoSimulator' object has no attribute 'get_current_game'
Traceback (most recent call last):
  File "/Users/stevebargelt/code/wnba-led-scoreboard/src/core/orchestrator.py", line 172, in _main_loop
    snapshot = self._get_game_snapshot(now_local)
  File "/Users/stevebargelt/code/wnba-led-scoreboard/src/core/orchestrator.py", line 211, in _get_game_snapshot
    return self.game_provider.get_current_game(now_local)
           ^^^^^^^^^^^^^^^^^^^^^^^^^^^^^^^^^^^
AttributeError: 'DemoSimulator' object has no attribute 'get_current_game'
2025-09-28 19:29:09,945 - INFO - __main__ - main:32 - Runtime Options:
  Config Path: config/favorites.json
  Simulation Mode: True
  Run Once: False
  Demo Mode: True
  Demo Leagues: nhl
  Demo Rotation: 120s
2025-09-28 19:29:10,109 - INFO - httpx - _send_single_request:1038 - HTTP Request: GET https://jylgkmjalhmvxxenkowo.supabase.co/rest/v1/sports?select=%2A "HTTP/2 200 OK"
2025-09-28 19:29:10,180 - INFO - httpx - _send_single_request:1038 - HTTP Request: GET https://jylgkmjalhmvxxenkowo.supabase.co/rest/v1/leagues?select=%2A%2C%20sport%3Asports%28code%29 "HTTP/2 200 OK"
2025-09-28 19:29:10,233 - INFO - __main__ - main:53 - Loaded sports and leagues from Supabase
2025-09-28 19:29:10,233 - INFO - __main__ - main:59 - Initialized configuration for device e9004446-dbb9-44dc-be01-410048f26cd3
2025-09-28 19:29:10,233 - INFO - src.core.orchestrator - __init__:68 - ApplicationOrchestrator initialized
2025-09-28 19:29:10,233 - INFO - src.core.orchestrator - setup:88 - Setting up application components
2025-09-28 19:29:10,233 - INFO - src.core.providers - load_configuration:36 - Loading configuration from Supabase
2025-09-28 19:29:10,344 - INFO - httpx - _send_single_request:1038 - HTTP Request: POST https://jylgkmjalhmvxxenkowo.supabase.co/rest/v1/rpc/get_device_configuration "HTTP/2 200 OK"
2025-09-28 19:29:10,347 - INFO - src.core.providers - load_configuration:38 - Loaded configuration for device e9004446-dbb9-44dc-be01-410048f26cd3
2025-09-28 19:29:10,347 - INFO - src.core.orchestrator - setup:92 - Loaded configuration for device e9004446-dbb9-44dc-be01-410048f26cd3
2025-09-28 19:29:10,352 - INFO - src.core.orchestrator - setup:96 - Display manager initialized (simulation=True)
2025-09-28 19:29:10,356 - INFO - src.core.orchestrator - setup:100 - Board manager initialized with 4 boards
2025-09-28 19:29:10,356 - INFO - src.core.orchestrator - _setup_demo_provider:124 - Demo mode enabled with leagues: ['nhl']
2025-09-28 19:29:10,356 - INFO - src.core.orchestrator - setup:110 - Refresh manager initialized
2025-09-28 19:29:10,356 - INFO - src.core.orchestrator - run:150 - Starting main application loop
2025-09-28 19:29:31,867 - INFO - src.core.orchestrator - run:155 - Application interrupted by user
2025-09-28 19:29:31,867 - INFO - src.core.orchestrator - cleanup:358 - Cleaning up resources
2025-09-28 19:29:31,868 - INFO - src.core.orchestrator - cleanup:374 - Cleanup complete
2025-09-28 19:48:37,304 - INFO - src.core.orchestrator - __init__:68 - ApplicationOrchestrator initialized
2025-09-28 19:48:42,295 - INFO - src.core.orchestrator - __init__:68 - ApplicationOrchestrator initialized
2025-09-28 19:50:08,076 - INFO - src.core.orchestrator - __init__:68 - ApplicationOrchestrator initialized
2025-09-28 19:50:08,077 - INFO - src.core.orchestrator - setup:88 - Setting up application components
2025-09-28 19:50:08,077 - INFO - src.core.orchestrator - setup:92 - Loaded configuration for device test_device
2025-09-28 19:50:08,077 - INFO - src.core.orchestrator - setup:96 - Display manager initialized (simulation=True)
2025-09-28 19:50:08,077 - ERROR - src.core.orchestrator - run:159 - Fatal error in orchestrator: object of type 'Mock' has no len()
Traceback (most recent call last):
  File "/Users/stevebargelt/code/wnba-led-scoreboard/src/core/orchestrator.py", line 149, in run
    self.setup()
    ~~~~~~~~~~^^
  File "/Users/stevebargelt/code/wnba-led-scoreboard/src/core/orchestrator.py", line 100, in setup
    logger.info(f"Board manager initialized with {len(self.board_manager.boards)} boards")
                                                  ~~~^^^^^^^^^^^^^^^^^^^^^^^^^^^
TypeError: object of type 'Mock' has no len()
2025-09-28 19:50:08,077 - INFO - src.core.orchestrator - cleanup:358 - Cleaning up resources
2025-09-28 19:50:08,077 - INFO - src.core.orchestrator - cleanup:374 - Cleanup complete
2025-09-28 20:02:07,186 - INFO - src.core.orchestrator - __init__:58 - ApplicationOrchestrator initialized
2025-09-28 20:02:07,187 - INFO - src.core.orchestrator - __init__:58 - ApplicationOrchestrator initialized
2025-09-28 20:02:07,191 - INFO - src.core.orchestrator - __init__:58 - ApplicationOrchestrator initialized
2025-09-28 20:02:07,192 - INFO - src.core.orchestrator - __init__:58 - ApplicationOrchestrator initialized
2025-09-28 20:02:07,193 - INFO - src.core.orchestrator - __init__:58 - ApplicationOrchestrator initialized
2025-09-28 20:02:07,193 - INFO - src.core.orchestrator - __init__:58 - ApplicationOrchestrator initialized
2025-09-28 20:02:07,200 - INFO - src.core.orchestrator - __init__:58 - ApplicationOrchestrator initialized
2025-09-28 20:02:07,201 - INFO - src.core.orchestrator - __init__:58 - ApplicationOrchestrator initialized
2025-09-28 20:02:07,202 - INFO - src.core.orchestrator - __init__:58 - ApplicationOrchestrator initialized
2025-09-28 20:02:07,202 - INFO - src.core.orchestrator - _signal_reload:71 - Received reload signal None
2025-09-28 20:04:21,251 - INFO - src.core.orchestrator - __init__:58 - ApplicationOrchestrator initialized
2025-09-28 20:04:21,252 - INFO - src.core.orchestrator - __init__:58 - ApplicationOrchestrator initialized
2025-09-28 20:04:21,252 - INFO - src.core.orchestrator - cleanup:293 - Cleaning up resources
2025-09-28 20:04:21,253 - INFO - src.core.orchestrator - cleanup:310 - Cleanup complete
2025-09-28 20:04:21,254 - INFO - src.core.orchestrator - __init__:58 - ApplicationOrchestrator initialized
2025-09-28 20:04:21,254 - INFO - src.core.orchestrator - cleanup:293 - Cleaning up resources
2025-09-28 20:04:21,254 - ERROR - src.core.orchestrator - cleanup:308 - Error closing display: Close failed
2025-09-28 20:04:21,254 - INFO - src.core.orchestrator - cleanup:310 - Cleanup complete
2025-09-28 20:04:21,255 - INFO - src.core.orchestrator - __init__:58 - ApplicationOrchestrator initialized
2025-09-28 20:04:21,255 - WARNING - src.core.orchestrator - _get_game_snapshot:193 - Game provider failed: API Error
2025-09-28 20:04:21,256 - INFO - src.core.orchestrator - __init__:58 - ApplicationOrchestrator initialized
2025-09-28 20:04:21,256 - INFO - src.core.orchestrator - _get_game_snapshot:185 - Selected game: NYR @ BOS
2025-09-28 20:04:21,258 - INFO - src.core.orchestrator - __init__:58 - ApplicationOrchestrator initialized
2025-09-28 20:04:21,259 - INFO - src.core.orchestrator - __init__:58 - ApplicationOrchestrator initialized
2025-09-28 20:04:21,260 - INFO - src.core.orchestrator - __init__:58 - ApplicationOrchestrator initialized
2025-09-28 20:04:21,261 - INFO - src.core.orchestrator - __init__:58 - ApplicationOrchestrator initialized
2025-09-28 20:04:21,262 - INFO - src.core.orchestrator - __init__:58 - ApplicationOrchestrator initialized
2025-09-28 20:04:21,262 - INFO - src.core.orchestrator - _reload_configuration:267 - Reloading configuration
2025-09-28 20:04:21,262 - INFO - src.core.orchestrator - _reload_configuration:285 - Configuration reloaded successfully
2025-09-28 20:04:21,264 - INFO - src.core.orchestrator - __init__:58 - ApplicationOrchestrator initialized
2025-09-28 20:04:21,265 - INFO - src.core.orchestrator - __init__:58 - ApplicationOrchestrator initialized
2025-09-28 20:04:21,267 - INFO - src.core.orchestrator - __init__:58 - ApplicationOrchestrator initialized
2025-09-28 20:04:21,268 - INFO - src.core.orchestrator - setup:81 - Setting up application components
2025-09-28 20:04:21,268 - INFO - src.core.orchestrator - setup:85 - Loaded configuration for device test_device
2025-09-28 20:04:21,268 - INFO - src.core.orchestrator - setup:95 - Display manager initialized (simulation=True)
2025-09-28 20:04:21,268 - INFO - src.core.orchestrator - setup:96 - All services resolved from container
2025-09-28 20:04:21,268 - INFO - src.core.orchestrator - run:116 - Starting main application loop
2025-09-28 20:04:21,268 - INFO - src.core.orchestrator - _main_loop:153 - Run once mode - exiting
2025-09-28 20:04:21,268 - INFO - src.core.orchestrator - cleanup:293 - Cleaning up resources
2025-09-28 20:04:21,268 - INFO - src.core.orchestrator - cleanup:310 - Cleanup complete
2025-09-28 20:04:21,269 - INFO - src.core.orchestrator - __init__:58 - ApplicationOrchestrator initialized
2025-09-28 20:04:21,269 - INFO - src.core.orchestrator - setup:81 - Setting up application components
2025-09-28 20:04:21,269 - INFO - src.core.orchestrator - setup:85 - Loaded configuration for device test_device
2025-09-28 20:04:21,269 - INFO - src.core.orchestrator - setup:95 - Display manager initialized (simulation=True)
2025-09-28 20:04:21,269 - INFO - src.core.orchestrator - setup:96 - All services resolved from container
2025-09-28 20:04:21,270 - INFO - src.core.orchestrator - __init__:58 - ApplicationOrchestrator initialized
2025-09-28 20:04:21,271 - INFO - src.core.orchestrator - __init__:58 - ApplicationOrchestrator initialized
2025-09-28 20:04:21,271 - INFO - src.core.orchestrator - _signal_reload:71 - Received reload signal None
2025-09-28 20:04:29,435 - INFO - src.core.orchestrator - __init__:58 - ApplicationOrchestrator initialized
2025-09-29 05:49:24,756 - INFO - src.core.orchestrator - __init__:58 - ApplicationOrchestrator initialized
2025-09-29 05:49:24,758 - INFO - src.core.orchestrator - __init__:58 - ApplicationOrchestrator initialized
2025-09-29 05:49:24,758 - INFO - src.core.orchestrator - cleanup:293 - Cleaning up resources
2025-09-29 05:49:24,758 - INFO - src.core.orchestrator - cleanup:310 - Cleanup complete
2025-09-29 05:49:24,759 - INFO - src.core.orchestrator - __init__:58 - ApplicationOrchestrator initialized
2025-09-29 05:49:24,759 - INFO - src.core.orchestrator - cleanup:293 - Cleaning up resources
2025-09-29 05:49:24,759 - ERROR - src.core.orchestrator - cleanup:308 - Error closing display: Close failed
2025-09-29 05:49:24,759 - INFO - src.core.orchestrator - cleanup:310 - Cleanup complete
2025-09-29 05:49:24,760 - INFO - src.core.orchestrator - __init__:58 - ApplicationOrchestrator initialized
2025-09-29 05:49:24,760 - WARNING - src.core.orchestrator - _get_game_snapshot:193 - Game provider failed: API Error
2025-09-29 05:49:24,762 - INFO - src.core.orchestrator - __init__:58 - ApplicationOrchestrator initialized
2025-09-29 05:49:24,762 - INFO - src.core.orchestrator - _get_game_snapshot:185 - Selected game: NYR @ BOS
2025-09-29 05:49:24,763 - INFO - src.core.orchestrator - __init__:58 - ApplicationOrchestrator initialized
2025-09-29 05:49:24,764 - INFO - src.core.orchestrator - __init__:58 - ApplicationOrchestrator initialized
2025-09-29 05:49:24,765 - INFO - src.core.orchestrator - __init__:58 - ApplicationOrchestrator initialized
2025-09-29 05:49:24,766 - INFO - src.core.orchestrator - __init__:58 - ApplicationOrchestrator initialized
2025-09-29 05:49:24,767 - INFO - src.core.orchestrator - __init__:58 - ApplicationOrchestrator initialized
2025-09-29 05:49:24,767 - INFO - src.core.orchestrator - _reload_configuration:267 - Reloading configuration
2025-09-29 05:49:24,768 - INFO - src.core.orchestrator - _reload_configuration:285 - Configuration reloaded successfully
2025-09-29 05:49:24,769 - INFO - src.core.orchestrator - __init__:58 - ApplicationOrchestrator initialized
2025-09-29 05:49:24,770 - INFO - src.core.orchestrator - __init__:58 - ApplicationOrchestrator initialized
2025-09-29 05:49:24,772 - INFO - src.core.orchestrator - __init__:58 - ApplicationOrchestrator initialized
2025-09-29 05:49:24,772 - INFO - src.core.orchestrator - setup:81 - Setting up application components
2025-09-29 05:49:24,772 - INFO - src.core.orchestrator - setup:85 - Loaded configuration for device test_device
2025-09-29 05:49:24,772 - INFO - src.core.orchestrator - setup:95 - Display manager initialized (simulation=True)
2025-09-29 05:49:24,772 - INFO - src.core.orchestrator - setup:96 - All services resolved from container
2025-09-29 05:49:24,772 - INFO - src.core.orchestrator - run:116 - Starting main application loop
2025-09-29 05:49:24,772 - INFO - src.core.orchestrator - _main_loop:153 - Run once mode - exiting
2025-09-29 05:49:24,772 - INFO - src.core.orchestrator - cleanup:293 - Cleaning up resources
2025-09-29 05:49:24,772 - INFO - src.core.orchestrator - cleanup:310 - Cleanup complete
2025-09-29 05:49:24,773 - INFO - src.core.orchestrator - __init__:58 - ApplicationOrchestrator initialized
2025-09-29 05:49:24,773 - INFO - src.core.orchestrator - setup:81 - Setting up application components
2025-09-29 05:49:24,773 - INFO - src.core.orchestrator - setup:85 - Loaded configuration for device test_device
2025-09-29 05:49:24,773 - INFO - src.core.orchestrator - setup:95 - Display manager initialized (simulation=True)
2025-09-29 05:49:24,773 - INFO - src.core.orchestrator - setup:96 - All services resolved from container
2025-09-29 05:49:24,774 - INFO - src.core.orchestrator - __init__:58 - ApplicationOrchestrator initialized
2025-09-29 05:49:24,775 - INFO - src.core.orchestrator - __init__:58 - ApplicationOrchestrator initialized
2025-09-29 05:49:24,775 - INFO - src.core.orchestrator - _signal_reload:71 - Received reload signal None
2025-09-29 05:52:04,346 - INFO - src.core.orchestrator - __init__:58 - ApplicationOrchestrator initialized
2025-09-29 05:52:04,348 - INFO - src.core.orchestrator - __init__:58 - ApplicationOrchestrator initialized
2025-09-29 05:52:04,349 - INFO - src.core.orchestrator - __init__:58 - ApplicationOrchestrator initialized
2025-09-29 05:52:04,349 - INFO - src.core.orchestrator - cleanup:293 - Cleaning up resources
2025-09-29 05:52:04,349 - INFO - src.core.orchestrator - cleanup:310 - Cleanup complete
2025-09-29 05:52:04,351 - INFO - src.core.orchestrator - __init__:58 - ApplicationOrchestrator initialized
2025-09-29 05:52:04,351 - INFO - src.core.orchestrator - cleanup:293 - Cleaning up resources
2025-09-29 05:52:04,351 - ERROR - src.core.orchestrator - cleanup:308 - Error closing display: Close failed
2025-09-29 05:52:04,351 - INFO - src.core.orchestrator - cleanup:310 - Cleanup complete
2025-09-29 05:52:04,352 - INFO - src.core.orchestrator - __init__:58 - ApplicationOrchestrator initialized
2025-09-29 05:52:04,353 - INFO - src.core.orchestrator - __init__:58 - ApplicationOrchestrator initialized
2025-09-29 05:52:04,354 - INFO - src.core.orchestrator - __init__:58 - ApplicationOrchestrator initialized
2025-09-29 05:52:04,355 - INFO - src.core.orchestrator - __init__:58 - ApplicationOrchestrator initialized
2025-09-29 05:52:04,356 - INFO - src.core.orchestrator - __init__:58 - ApplicationOrchestrator initialized
2025-09-29 05:52:04,356 - ERROR - src.core.orchestrator - run:125 - Fatal error in orchestrator: Setup failed
Traceback (most recent call last):
  File "/Users/stevebargelt/code/wnba-led-scoreboard/src/core/orchestrator.py", line 115, in run
    self.setup(device_config)
    ~~~~~~~~~~^^^^^^^^^^^^^^^
  File "/opt/homebrew/Cellar/python@3.13/3.13.7/Frameworks/Python.framework/Versions/3.13/lib/python3.13/unittest/mock.py", line 1169, in __call__
    return self._mock_call(*args, **kwargs)
           ~~~~~~~~~~~~~~~^^^^^^^^^^^^^^^^^
  File "/opt/homebrew/Cellar/python@3.13/3.13.7/Frameworks/Python.framework/Versions/3.13/lib/python3.13/unittest/mock.py", line 1173, in _mock_call
    return self._execute_mock_call(*args, **kwargs)
           ~~~~~~~~~~~~~~~~~~~~~~~^^^^^^^^^^^^^^^^^
  File "/opt/homebrew/Cellar/python@3.13/3.13.7/Frameworks/Python.framework/Versions/3.13/lib/python3.13/unittest/mock.py", line 1228, in _execute_mock_call
    raise effect
Exception: Setup failed
2025-09-29 05:52:04,359 - INFO - src.core.orchestrator - __init__:58 - ApplicationOrchestrator initialized
2025-09-29 05:52:04,359 - INFO - src.core.orchestrator - run:116 - Starting main application loop
2025-09-29 05:52:04,359 - INFO - src.core.orchestrator - run:121 - Application interrupted by user
2025-09-29 05:52:04,361 - INFO - src.core.orchestrator - __init__:58 - ApplicationOrchestrator initialized
2025-09-29 05:52:04,361 - INFO - src.core.orchestrator - setup:81 - Setting up application components
2025-09-29 05:52:04,361 - INFO - src.core.orchestrator - setup:85 - Loaded configuration for device test_device
2025-09-29 05:52:04,361 - INFO - src.core.orchestrator - setup:95 - Display manager initialized (simulation=True)
2025-09-29 05:52:04,361 - INFO - src.core.orchestrator - setup:96 - All services resolved from container
2025-09-29 05:52:04,361 - INFO - src.core.orchestrator - run:116 - Starting main application loop
2025-09-29 05:52:04,361 - INFO - src.core.orchestrator - _main_loop:153 - Run once mode - exiting
2025-09-29 05:52:04,361 - INFO - src.core.orchestrator - cleanup:293 - Cleaning up resources
2025-09-29 05:52:04,361 - INFO - src.core.orchestrator - cleanup:310 - Cleanup complete
2025-09-29 05:52:04,362 - INFO - src.core.orchestrator - __init__:58 - ApplicationOrchestrator initialized
2025-09-29 05:52:04,362 - INFO - src.core.orchestrator - setup:81 - Setting up application components
2025-09-29 05:52:04,362 - INFO - src.core.orchestrator - setup:85 - Loaded configuration for device test_device
2025-09-29 05:52:04,362 - INFO - src.core.orchestrator - setup:95 - Display manager initialized (simulation=True)
2025-09-29 05:52:04,362 - INFO - src.core.orchestrator - setup:96 - All services resolved from container
2025-09-29 05:52:04,363 - INFO - src.core.orchestrator - __init__:58 - ApplicationOrchestrator initialized
2025-09-29 05:52:04,363 - INFO - src.core.orchestrator - setup:81 - Setting up application components
2025-09-29 05:52:04,363 - INFO - src.core.orchestrator - setup:85 - Loaded configuration for device test_device
2025-09-29 05:52:04,363 - INFO - src.core.orchestrator - setup:95 - Display manager initialized (simulation=True)
2025-09-29 05:52:04,363 - INFO - src.core.orchestrator - setup:96 - All services resolved from container
2025-09-29 05:52:04,364 - INFO - src.core.orchestrator - __init__:58 - ApplicationOrchestrator initialized
2025-09-29 05:52:04,366 - INFO - src.core.orchestrator - __init__:58 - ApplicationOrchestrator initialized
2025-09-29 05:52:04,367 - INFO - src.core.orchestrator - __init__:58 - ApplicationOrchestrator initialized
2025-09-29 05:52:04,367 - INFO - src.core.orchestrator - _signal_reload:71 - Received reload signal None
2025-09-29 05:57:37,851 - INFO - src.core.orchestrator - __init__:64 - ApplicationOrchestrator initialized
2025-09-29 05:57:37,852 - INFO - src.core.orchestrator - _reload_configuration:320 - Starting transactional configuration reload
2025-09-29 05:57:37,852 - ERROR - src.core.orchestrator - _reload_configuration:365 - Unexpected error during configuration reload: Mock object has no attribute 'device_id'
Traceback (most recent call last):
  File "/Users/stevebargelt/code/wnba-led-scoreboard/src/core/orchestrator.py", line 330, in _reload_configuration
    self._validate_configuration(new_config)
    ~~~~~~~~~~~~~~~~~~~~~~~~~~~~^^^^^^^^^^^^
  File "/Users/stevebargelt/code/wnba-led-scoreboard/src/core/orchestrator.py", line 383, in _validate_configuration
    if not config.device_id:
           ^^^^^^^^^^^^^^^^
  File "/opt/homebrew/Cellar/python@3.13/3.13.7/Frameworks/Python.framework/Versions/3.13/lib/python3.13/unittest/mock.py", line 690, in __getattr__
    raise AttributeError("Mock object has no attribute %r" % name)
AttributeError: Mock object has no attribute 'device_id'
2025-09-29 06:02:27,225 - INFO - __main__ - main:32 - Runtime Options:
  Config Path: config/favorites.json
  Simulation Mode: True
  Run Once: False
  Demo Mode: True
  Demo Leagues: nhl
  Demo Rotation: 120s
2025-09-29 06:02:27,411 - INFO - httpx - _send_single_request:1038 - HTTP Request: GET https://jylgkmjalhmvxxenkowo.supabase.co/rest/v1/sports?select=%2A "HTTP/2 200 OK"
2025-09-29 06:02:27,504 - INFO - httpx - _send_single_request:1038 - HTTP Request: GET https://jylgkmjalhmvxxenkowo.supabase.co/rest/v1/leagues?select=%2A%2C%20sport%3Asports%28code%29 "HTTP/2 200 OK"
2025-09-29 06:02:27,565 - INFO - __main__ - main:51 - Loaded sports and leagues from Supabase
2025-09-29 06:02:27,565 - INFO - src.core.bootstrap - bootstrap:72 - Bootstrapping application services
2025-09-29 06:02:27,565 - INFO - src.core.providers - load_configuration:42 - Loading configuration from Supabase
2025-09-29 06:02:27,766 - INFO - httpx - _send_single_request:1038 - HTTP Request: POST https://jylgkmjalhmvxxenkowo.supabase.co/rest/v1/rpc/get_device_configuration "HTTP/2 200 OK"
2025-09-29 06:02:27,769 - INFO - src.core.providers - load_configuration:44 - Loaded configuration for device e9004446-dbb9-44dc-be01-410048f26cd3
2025-09-29 06:02:27,769 - INFO - src.core.bootstrap - bootstrap:82 - Loaded configuration for device e9004446-dbb9-44dc-be01-410048f26cd3
2025-09-29 06:02:27,781 - INFO - src.core.bootstrap - _register_demo_provider:125 - Registered DemoGameProvider with leagues: ['nhl']
2025-09-29 06:02:27,781 - INFO - src.core.bootstrap - bootstrap:108 - Service bootstrap complete
2025-09-29 06:02:27,781 - INFO - __main__ - main:60 - Bootstrapped services for device e9004446-dbb9-44dc-be01-410048f26cd3
2025-09-29 06:02:27,781 - INFO - src.core.orchestrator - __init__:64 - ApplicationOrchestrator initialized
2025-09-29 06:02:27,781 - INFO - src.core.orchestrator - setup:87 - Setting up application components
2025-09-29 06:02:27,781 - INFO - src.core.orchestrator - setup:91 - Loaded configuration for device e9004446-dbb9-44dc-be01-410048f26cd3
2025-09-29 06:02:27,781 - INFO - src.core.orchestrator - setup:101 - Display manager initialized (simulation=True)
2025-09-29 06:02:27,781 - INFO - src.core.orchestrator - setup:102 - All services resolved from container
2025-09-29 06:02:27,781 - INFO - src.core.orchestrator - run:122 - Starting main application loop
2025-09-29 06:02:27,781 - INFO - src.core.orchestrator - _get_game_snapshot:214 - Selected game: NJD @ PIT
2025-09-29 06:02:29,816 - INFO - src.core.orchestrator - _get_game_snapshot:214 - Selected game: NJD @ PIT
2025-09-29 06:02:31,822 - INFO - src.core.orchestrator - _get_game_snapshot:214 - Selected game: NJD @ PIT
2025-09-29 06:02:33,828 - INFO - src.core.orchestrator - _get_game_snapshot:214 - Selected game: NJD @ PIT
2025-09-29 06:02:35,834 - INFO - src.core.orchestrator - _get_game_snapshot:214 - Selected game: NJD @ PIT
2025-09-29 06:02:37,843 - INFO - src.core.orchestrator - _get_game_snapshot:214 - Selected game: NJD @ PIT
2025-09-29 06:02:39,854 - INFO - src.core.orchestrator - _get_game_snapshot:214 - Selected game: NJD @ PIT
2025-09-29 06:02:41,860 - INFO - src.core.orchestrator - _get_game_snapshot:214 - Selected game: NJD @ PIT
2025-09-29 06:02:43,869 - INFO - src.core.orchestrator - _get_game_snapshot:214 - Selected game: NJD @ PIT
2025-09-29 06:02:45,206 - INFO - src.core.orchestrator - run:127 - Application interrupted by user
2025-09-29 06:02:45,206 - INFO - src.core.orchestrator - cleanup:413 - Cleaning up resources
2025-09-29 06:02:45,207 - INFO - src.core.orchestrator - cleanup:430 - Cleanup complete
